Added Component: Designator=C1(C-5*7)
Added Component: Designator=C3(C-10 卧式)
Added Component: Designator=C4(0805)
Added Component: Designator=C5(电解电容6*11mm-脚距2.5mm)
Added Component: Designator=C6(07D471K)
Added Component: Designator=D1(SMA)
Added Component: Designator=D2(SMA)
Added Component: Designator=D3(SMBJ)
Added Component: Designator=D5(1206)
Added Component: Designator=D6(1206)
Added Component: Designator=D7(SMA)
Added Component: Designator=D8(1206)
Added Component: Designator=D12(MB10S)
Added Component: Designator=P?(2.54引脚)
Added Component: Designator=Q1(sot-23)
Added Component: Designator=R1(1206)
Added Component: Designator=R2(1206)
Added Component: Designator=R3(0805)
Added Component: Designator=R4(0805)
Added Component: Designator=R5(0603)
Added Component: Designator=R6(0603)
Added Component: Designator=T1(EFD15_DIP8)
Added Component: Designator=U2(TNY275_SMD)
Added Pin To Net: NetName=5V_GND Pin=C1-2
Added Pin To Net: NetName=5V_GND Pin=C6-2
Added Pin To Net: NetName=5V_GND Pin=P?-2
Added Pin To Net: NetName=5V_GND Pin=T1-6
Added Net: Name=5V_GND
Added Pin To Net: NetName=8V Pin=C1-1
Added Pin To Net: NetName=8V Pin=D1-2
Added Pin To Net: NetName=8V Pin=P?-1
Added Net: Name=8V
Added Pin To Net: NetName=14V Pin=C5-1
Added Pin To Net: NetName=14V Pin=D7-2
Added Pin To Net: NetName=14V Pin=D8-2
Added Pin To Net: NetName=14V Pin=P?-5
Added Net: Name=14V
Added Pin To Net: NetName=300V Pin=P?-11
Added Net: Name=300V
Added Pin To Net: NetName=AC_L Pin=D12-1
Added Net: Name=AC_L
Added Pin To Net: NetName=AC_N Pin=D12-2
Added Net: Name=AC_N
Added Pin To Net: NetName=GND Pin=C3-2
Added Pin To Net: NetName=GND Pin=C4-1
Added Pin To Net: NetName=GND Pin=C5-2
Added Pin To Net: NetName=GND Pin=C6-1
Added Pin To Net: NetName=GND Pin=D12-4
Added Pin To Net: NetName=GND Pin=P?-4
Added Pin To Net: NetName=GND Pin=P?-13
Added Pin To Net: NetName=GND Pin=Q1-2
Added Pin To Net: NetName=GND Pin=R6-2
Added Pin To Net: NetName=GND Pin=T1-1
Added Pin To Net: NetName=GND Pin=U2-5
Added Pin To Net: NetName=GND Pin=U2-6
Added Pin To Net: NetName=GND Pin=U2-7
Added Pin To Net: NetName=GND Pin=U2-8
Added Net: Name=GND
Added Pin To Net: NetName=NetC3_1 Pin=C3-1
Added Pin To Net: NetName=NetC3_1 Pin=D3-1
Added Pin To Net: NetName=NetC3_1 Pin=D12-3
Added Pin To Net: NetName=NetC3_1 Pin=T1-4
Added Net: Name=NetC3_1
Added Pin To Net: NetName=NetC4_2 Pin=C4-2
Added Pin To Net: NetName=NetC4_2 Pin=U2-2
Added Net: Name=NetC4_2
Added Pin To Net: NetName=NetD1_1 Pin=D1-1
Added Pin To Net: NetName=NetD1_1 Pin=T1-5
Added Net: Name=NetD1_1
Added Pin To Net: NetName=NetD2_1 Pin=D2-1
Added Pin To Net: NetName=NetD2_1 Pin=T1-3
Added Pin To Net: NetName=NetD2_1 Pin=U2-4
Added Net: Name=NetD2_1
Added Pin To Net: NetName=NetD2_2 Pin=D2-2
Added Pin To Net: NetName=NetD2_2 Pin=D3-2
Added Net: Name=NetD2_2
Added Pin To Net: NetName=NetD5_2 Pin=D5-2
Added Pin To Net: NetName=NetD5_2 Pin=R3-1
Added Pin To Net: NetName=NetD5_2 Pin=R4-1
Added Net: Name=NetD5_2
Added Pin To Net: NetName=NetD6_2 Pin=D6-2
Added Pin To Net: NetName=NetD6_2 Pin=R3-2
Added Net: Name=NetD6_2
Added Pin To Net: NetName=NetD7_1 Pin=D7-1
Added Pin To Net: NetName=NetD7_1 Pin=T1-2
Added Net: Name=NetD7_1
Added Pin To Net: NetName=NetD8_1 Pin=D8-1
Added Pin To Net: NetName=NetD8_1 Pin=R5-1
Added Net: Name=NetD8_1
Added Pin To Net: NetName=NetQ1_1 Pin=Q1-1
Added Pin To Net: NetName=NetQ1_1 Pin=R5-2
Added Pin To Net: NetName=NetQ1_1 Pin=R6-1
Added Net: Name=NetQ1_1
Added Pin To Net: NetName=NetQ1_3 Pin=Q1-3
Added Pin To Net: NetName=NetQ1_3 Pin=U2-1
Added Net: Name=NetQ1_3
Added Class: Name=TNY275_V1
Added Room: Name=TNY275_V1
