Added Component: Designator=C1(C-5*7)
Added Component: Designator=C2(C-5*7)
Added Component: Designator=C3(C-10 卧式)
Added Component: Designator=C4(0805)
Added Component: Designator=C5(电解电容6*11mm-脚距2.5mm)
Added Component: Designator=C6(RAD-0.3)
Added Component: Designator=D1(SMA)
Added Component: Designator=D2(SMA)
Added Component: Designator=D3(SMBJ)
Added Component: Designator=D5(1206)
Added Component: Designator=D6(1206)
Added Component: Designator=D7(SMA)
Added Component: Designator=D8(1206)
Added Component: Designator=D9(SMA)
Added Component: Designator=Q1(sot-23)
Added Component: Designator=R1(1206)
Added Component: Designator=R2(1206)
Added Component: Designator=R3(0805)
Added Component: Designator=R4(0805)
Added Component: Designator=R5(0805)
Added Component: Designator=R6(0805)
Added Component: Designator=T1(EFD15_DIP8)
Added Component: Designator=U1(SOT89)
Added Component: Designator=U2(TNY275_SMD)
Added Pin To Net: NetName=5V Pin=C2-1
Added Pin To Net: NetName=GND Pin=C3-2
Added Pin To Net: NetName=GND Pin=C4-1
Added Pin To Net: NetName=GND Pin=C5-2
Added Pin To Net: NetName=GND Pin=C6-1
Added Pin To Net: NetName=GND Pin=Q1-2
Added Pin To Net: NetName=GND Pin=R6-2
Added Pin To Net: NetName=GND Pin=T1-4
Added Pin To Net: NetName=5V Pin=U1-1
Added Pin To Net: NetName=GND Pin=U2-5
Added Pin To Net: NetName=GND Pin=U2-6
Added Pin To Net: NetName=GND Pin=U2-7
Added Pin To Net: NetName=GND Pin=U2-8
Added Pin To Net: NetName=NetC1_1 Pin=C1-1
Added Pin To Net: NetName=NetC1_1 Pin=D1-2
Added Pin To Net: NetName=NetC1_1 Pin=U1-3
Added Net: Name=NetC1_1
Added Pin To Net: NetName=NetC1_2 Pin=C1-2
Added Pin To Net: NetName=NetC1_2 Pin=C2-2
Added Pin To Net: NetName=NetC1_2 Pin=C6-2
Added Pin To Net: NetName=NetC1_2 Pin=T1-7
Added Pin To Net: NetName=NetC1_2 Pin=U1-2
Added Net: Name=NetC1_2
Added Pin To Net: NetName=NetC3_1 Pin=C3-1
Added Pin To Net: NetName=NetC3_1 Pin=D3-1
Added Pin To Net: NetName=NetC3_1 Pin=D9-2
Added Pin To Net: NetName=NetC3_1 Pin=R1-1
Added Pin To Net: NetName=NetC3_1 Pin=T1-1
Added Net: Name=NetC3_1
Added Pin To Net: NetName=NetC4_2 Pin=C4-2
Added Pin To Net: NetName=NetC4_2 Pin=D5-1
Added Pin To Net: NetName=NetC4_2 Pin=R4-2
Added Pin To Net: NetName=NetC4_2 Pin=U2-2
Added Net: Name=NetC4_2
Added Pin To Net: NetName=NetC5_1 Pin=C5-1
Added Pin To Net: NetName=NetC5_1 Pin=D6-1
Added Pin To Net: NetName=NetC5_1 Pin=D7-2
Added Pin To Net: NetName=NetC5_1 Pin=D8-2
Added Net: Name=NetC5_1
Added Pin To Net: NetName=NetD1_1 Pin=D1-1
Added Pin To Net: NetName=NetD1_1 Pin=T1-8
Added Net: Name=NetD1_1
Added Pin To Net: NetName=NetD2_1 Pin=D2-1
Added Pin To Net: NetName=NetD2_1 Pin=T1-2
Added Pin To Net: NetName=NetD2_1 Pin=U2-4
Added Net: Name=NetD2_1
Added Pin To Net: NetName=NetD2_2 Pin=D2-2
Added Pin To Net: NetName=NetD2_2 Pin=D3-2
Added Net: Name=NetD2_2
Added Pin To Net: NetName=NetD5_2 Pin=D5-2
Added Pin To Net: NetName=NetD5_2 Pin=R3-1
Added Pin To Net: NetName=NetD5_2 Pin=R4-1
Added Net: Name=NetD5_2
Added Pin To Net: NetName=NetD6_2 Pin=D6-2
Added Pin To Net: NetName=NetD6_2 Pin=R3-2
Added Net: Name=NetD6_2
Added Pin To Net: NetName=NetD7_1 Pin=D7-1
Added Pin To Net: NetName=NetD7_1 Pin=T1-3
Added Net: Name=NetD7_1
Added Pin To Net: NetName=NetD8_1 Pin=D8-1
Added Pin To Net: NetName=NetD8_1 Pin=R5-1
Added Net: Name=NetD8_1
Added Pin To Net: NetName=NetQ1_1 Pin=Q1-1
Added Pin To Net: NetName=NetQ1_1 Pin=R5-2
Added Pin To Net: NetName=NetQ1_1 Pin=R6-1
Added Net: Name=NetQ1_1
Added Pin To Net: NetName=NetQ1_3 Pin=Q1-3
Added Pin To Net: NetName=NetQ1_3 Pin=R2-2
Added Pin To Net: NetName=NetQ1_3 Pin=U2-1
Added Net: Name=NetQ1_3
Added Pin To Net: NetName=NetR1_2 Pin=R1-2
Added Pin To Net: NetName=NetR1_2 Pin=R2-1
Added Net: Name=NetR1_2
Added Member To Class: ClassName=TNY275_V1 Member=Component C1 Cap Pol1
Added Member To Class: ClassName=TNY275_V1 Member=Component C2 Cap Pol1
Added Member To Class: ClassName=TNY275_V1 Member=Component C3 Cap Pol1
Added Member To Class: ClassName=TNY275_V1 Member=Component C4 Cap
Added Member To Class: ClassName=TNY275_V1 Member=Component C5 Cap Pol1
Added Member To Class: ClassName=TNY275_V1 Member=Component C6 Y电容
Added Member To Class: ClassName=TNY275_V1 Member=Component D1 US1J
Added Member To Class: ClassName=TNY275_V1 Member=Component D2 US1J
Added Member To Class: ClassName=TNY275_V1 Member=Component D3 P6KE200
Added Member To Class: ClassName=TNY275_V1 Member=Component D5 14V
Added Member To Class: ClassName=TNY275_V1 Member=Component D6 4148
Added Member To Class: ClassName=TNY275_V1 Member=Component D7 US1J
Added Member To Class: ClassName=TNY275_V1 Member=Component D8 14V
Added Member To Class: ClassName=TNY275_V1 Member=Component D9 US1J
Added Member To Class: ClassName=TNY275_V1 Member=Component Q1 8050
Added Member To Class: ClassName=TNY275_V1 Member=Component R1 Res1
Added Member To Class: ClassName=TNY275_V1 Member=Component R2 Res1
Added Member To Class: ClassName=TNY275_V1 Member=Component R3 Res1
Added Member To Class: ClassName=TNY275_V1 Member=Component R4 Res1
Added Member To Class: ClassName=TNY275_V1 Member=Component R5 Res1
Added Member To Class: ClassName=TNY275_V1 Member=Component R6 Res1
Added Member To Class: ClassName=TNY275_V1 Member=Component T1 EFD15
Added Member To Class: ClassName=TNY275_V1 Member=Component U1 MC78L05ACPRP
Added Member To Class: ClassName=TNY275_V1 Member=Component U2 TNY275
Added Room: Name=TNY275_V1
